#
# A fatal error has been detected by the Java Runtime Environment:
#
#  EXCEPTION_ACCESS_VIOLATION (0xc0000005) at pc=0x5d70757e, pid=17904, tid=0x00001b98
#
# JRE version: Java(TM) SE Runtime Environment (8.0_191-b12) (build 1.8.0_191-b12)
# Java VM: Java HotSpot(TM) Client VM (25.191-b12 mixed mode windows-x86 )
# Problematic frame:
# V  [jvm.dll+0xe757e]
#
# Failed to write core dump. Minidumps are not enabled by default on client versions of Windows
#
# If you would like to submit a bug report, please visit:
#   http://bugreport.java.com/bugreport/crash.jsp
#

---------------  T H R E A D  ---------------

Current thread (0x29c77000):  JavaThread "EventThread COM5" [_thread_in_vm, id=7064, stack(0x26de0000,0x26e30000)]

siginfo: ExceptionCode=0xc0000005, reading address 0x00000000

Registers:
EAX=0x00000000, EBX=0x25d8f5d8, ECX=0x29c77000, EDX=0x0000009f
ESP=0x26e1bb5c, EBP=0x26e1bb78, ESI=0x00000000, EDI=0x29c77000
EIP=0x5d70757e, EFLAGS=0x00010246

Top of Stack: (sp=0x26e1bb5c)
0x26e1bb5c:   26e1bb94 29c77140 25d8f5d8 29c77000
0x26e1bb6c:   27fe385c 0000009f 5d905568 26e2f388
0x26e1bb7c:   6400183d 29c77140 00000000 00000000
0x26e1bb8c:   000137ab 26e1bb94 2e310a0d 33363838
0x26e1bb9c:   2a353134 0d305e32 392e310a 33343634
0x26e1bbac:   322a3138 0a0d305e 37392e31 35363038
0x26e1bbbc:   5e322a31 310a0d30 3239392e 32343435
0x26e1bbcc:   305e322a 2e310a0d 30383939 2a323835 

Instructions: (pc=0x5d70757e)
0x5d70755e:   c4 08 83 7f 04 00 89 7d f0 c7 45 f4 00 00 00 00
0x5d70756e:   74 08 8d 4d f0 e8 e8 34 0c 00 8b 75 10 8b 45 0c
0x5d70757e:   8b 10 85 f6 78 32 8b 45 14 85 c0 78 2b 8d 0c 06
0x5d70758e:   3b 4a 08 77 23 85 c0 7e 3b 8b 4a 04 8b 49 04 83 


Register to memory mapping:

EAX=0x00000000 is an unknown value
EBX=0x25d8f5d8 is an unknown value
ECX=0x29c77000 is a thread
EDX=0x0000009f is an unknown value
ESP=0x26e1bb5c is pointing into the stack for thread: 0x29c77000
EBP=0x26e1bb78 is pointing into the stack for thread: 0x29c77000
ESI=0x00000000 is an unknown value
EDI=0x29c77000 is a thread


Stack: [0x26de0000,0x26e30000],  sp=0x26e1bb5c,  free space=238k
Native frames: (J=compiled Java code, j=interpreted, Vv=VM code, C=native code)
V  [jvm.dll+0xe757e]
C  [jSSC-2.8_x86.dll+0x183d]
J 2900  jssc.SerialNativeInterface.readBytes(JI)[B (0 bytes) @ 0x02f88825 [0x02f88790+0x95]
J 2926% C1 jssc.SerialPort$EventThread.run()V (84 bytes) @ 0x02f9cecc [0x02f9cc40+0x28c]
v  ~StubRoutines::call_stub
V  [jvm.dll+0x15c315]
V  [jvm.dll+0x223ece]
V  [jvm.dll+0x15c3ae]
V  [jvm.dll+0x15c536]
V  [jvm.dll+0x15c5a7]
V  [jvm.dll+0x1002ef]
V  [jvm.dll+0x17f550]
V  [jvm.dll+0x17fdca]
V  [jvm.dll+0x1c57a6]
C  [msvcr100.dll+0x5c556]
C  [msvcr100.dll+0x5c600]
C  [KERNEL32.DLL+0x1fa29]
C  [ntdll.dll+0x67a7e]
C  [ntdll.dll+0x67a4e]
C  0x00000000

Java frames: (J=compiled Java code, j=interpreted, Vv=VM code)
J 2900  jssc.SerialNativeInterface.readBytes(JI)[B (0 bytes) @ 0x02f887e1 [0x02f88790+0x51]
J 2926% C1 jssc.SerialPort$EventThread.run()V (84 bytes) @ 0x02f9cecc [0x02f9cc40+0x28c]
v  ~StubRoutines::call_stub

---------------  P R O C E S S  ---------------

Java Threads: ( => current thread )
=>0x29c77000 JavaThread "EventThread COM5" [_thread_in_vm, id=7064, stack(0x26de0000,0x26e30000)]
  0x29c75c00 JavaThread "JmDNS(MSI-attlocal-net.local.).State.Timer" [_thread_blocked, id=11148, stack(0x26ba0000,0x26bf0000)]
  0x29c78800 JavaThread "JmDNS(MSI-attlocal-net.local.).Timer" daemon [_thread_blocked, id=13056, stack(0x25840000,0x25890000)]
  0x29c7b000 JavaThread "SocketListener(MSI-attlocal-net.local.)" daemon [_thread_in_native, id=14384, stack(0x257b0000,0x25800000)]
  0x29c76400 JavaThread "DestroyJavaVM" [_thread_blocked, id=5572, stack(0x027b0000,0x02800000)]
  0x28169000 JavaThread "TimerQueue" daemon [_thread_blocked, id=22796, stack(0x2ab50000,0x2aba0000)]
  0x28168400 JavaThread "Batik CleanerThread" daemon [_thread_blocked, id=18308, stack(0x02a60000,0x02ab0000)]
  0x26566800 JavaThread "AWT-EventQueue-0" [_thread_blocked, id=23996, stack(0x28de0000,0x28e30000)]
  0x26566400 JavaThread "AWT-Shutdown" [_thread_blocked, id=19604, stack(0x26950000,0x269a0000)]
  0x280eb400 JavaThread "Multihomed mDNS.Timer" daemon [_thread_blocked, id=4028, stack(0x28a30000,0x28a80000)]
  0x280d0800 JavaThread "cc.arduino.packages.discoverers.serial.SerialDiscovery" [_thread_blocked, id=9024, stack(0x28b50000,0x28ba0000)]
  0x26514400 JavaThread "AWT-Windows" daemon [_thread_blocked, id=17696, stack(0x269e0000,0x26a30000)]
  0x26513400 JavaThread "Java2D Disposer" daemon [_thread_blocked, id=16480, stack(0x268c0000,0x26910000)]
  0x25bfd000 JavaThread "Service Thread" daemon [_thread_blocked, id=17328, stack(0x26160000,0x261b0000)]
  0x25bd6400 JavaThread "C1 CompilerThread0" daemon [_thread_blocked, id=11324, stack(0x260d0000,0x26120000)]
  0x25bd5000 JavaThread "Attach Listener" daemon [_thread_blocked, id=3184, stack(0x26040000,0x26090000)]
  0x25ba8c00 JavaThread "Signal Dispatcher" daemon [_thread_blocked, id=14824, stack(0x25fb0000,0x26000000)]
  0x25b8b800 JavaThread "Finalizer" daemon [_thread_blocked, id=17020, stack(0x25270000,0x252c0000)]
  0x25b85c00 JavaThread "Reference Handler" daemon [_thread_blocked, id=15260, stack(0x251e0000,0x25230000)]

Other Threads:
  0x25b70400 VMThread [stack: 0x25150000,0x251a0000] [id=19260]
  0x25c00800 WatcherThread [stack: 0x261f0000,0x26240000] [id=23716]

VM state:synchronizing (normal execution)

VM Mutex/Monitor currently owned by a thread:  ([mutex/lock_event])
[0x009fd6d0] Threads_lock - owner thread: 0x25b70400
[0x009fdce8] Heap_lock - owner thread: 0x26566800

Heap:
 def new generation   total 157248K, used 157247K [0x04c00000, 0x0f6a0000, 0x0f6a0000)
  eden space 139776K,  99% used [0x04c00000, 0x0d47fff8, 0x0d480000)
  from space 17472K,  99% used [0x0e590000, 0x0f69fff8, 0x0f6a0000)
  to   space 17472K,   0% used [0x0d480000, 0x0d480000, 0x0e590000)
 tenured generation   total 349568K, used 349568K [0x0f6a0000, 0x24c00000, 0x24c00000)
   the space 349568K, 100% used [0x0f6a0000, 0x24c00000, 0x24c00000, 0x24c00000)
 Metaspace       used 22349K, capacity 22904K, committed 23040K, reserved 23936K

Card table byte_map: [0x04ac0000,0x04bd0000] byte_map_base: 0x04a9a000

Polling page: 0x009d0000

CodeCache: size=32768Kb used=3108Kb max_used=5238Kb free=29659Kb
 bounds [0x02ac0000, 0x02fe0000, 0x04ac0000]
 total_blobs=1878 nmethods=1589 adapters=217
 compilation: enabled

Compilation events (10 events):
Event: 9923.338 Thread 0x25bd6400 23120             javax.swing.plaf.basic.BasicTextAreaUI$PlainParagraph$LogicalView::<init> (6 bytes)
Event: 9923.339 Thread 0x25bd6400 nmethod 23120 0x02bd0c08 code [0x02bd0d00, 0x02bd0e80]
Event: 9923.339 Thread 0x25bd6400 23121             javax.swing.plaf.basic.BasicTextAreaUI$PlainParagraph$LogicalView::loadChildren (37 bytes)
Event: 9923.339 Thread 0x25bd6400 nmethod 23121 0x02bd0708 code [0x02bd0840, 0x02bd0a80]
Event: 9923.339 Thread 0x25bd6400 23122             javax.swing.text.AbstractDocument$LeafElement::getElementCount (2 bytes)
Event: 9923.339 Thread 0x25bd6400 nmethod 23122 0x02bd0548 code [0x02bd0640, 0x02bd06c0]
Event: 9923.339 Thread 0x25bd6400 23123   !         sun.reflect.GeneratedConstructorAccessor22::newInstance (49 bytes)
Event: 9923.339 Thread 0x25bd6400 nmethod 23123 0x02bcfe08 code [0x02bcff50, 0x02bd029c]
Event: 9923.342 Thread 0x25bd6400 23124 %           javax.swing.text.CompositeView::loadChildren @ 30 (70 bytes)
Event: 9923.343 Thread 0x25bd6400 nmethod 23124% 0x02bcf7c8 code [0x02bcf910, 0x02bcfc00]

GC Heap History (10 events):
Event: 9926.334 GC heap before
{Heap before GC invocations=77 (full 35):
 def new generation   total 157248K, used 157228K [0x04c00000, 0x0f6a0000, 0x0f6a0000)
  eden space 139776K,  99% used [0x04c00000, 0x0d47fff8, 0x0d480000)
  from space 17472K,  99% used [0x0e590000, 0x0f69b2e0, 0x0f6a0000)
  to   space 17472K,   0% used [0x0d480000, 0x0d480000, 0x0e590000)
 tenured generation   total 349568K, used 349568K [0x0f6a0000, 0x24c00000, 0x24c00000)
   the space 349568K, 100% used [0x0f6a0000, 0x24c00000, 0x24c00000, 0x24c00000)
 Metaspace       used 22349K, capacity 22904K, committed 23040K, reserved 23936K
Event: 9926.772 GC heap after
Heap after GC invocations=78 (full 36):
 def new generation   total 157248K, used 157174K [0x04c00000, 0x0f6a0000, 0x0f6a0000)
  eden space 139776K,  99% used [0x04c00000, 0x0d47fff8, 0x0d480000)
  from space 17472K,  99% used [0x0e590000, 0x0f68db38, 0x0f6a0000)
  to   space 17472K,   0% used [0x0d480000, 0x0d480000, 0x0e590000)
 tenured generation   total 349568K, used 349568K [0x0f6a0000, 0x24c00000, 0x24c00000)
   the space 349568K, 100% used [0x0f6a0000, 0x24c00000, 0x24c00000, 0x24c00000)
 Metaspace       used 22349K, capacity 22904K, committed 23040K, reserved 23936K
}
Event: 9926.773 GC heap before
{Heap before GC invocations=78 (full 36):
 def new generation   total 157248K, used 157247K [0x04c00000, 0x0f6a0000, 0x0f6a0000)
  eden space 139776K,  99% used [0x04c00000, 0x0d47fff8, 0x0d480000)
  from space 17472K,  99% used [0x0e590000, 0x0f69ffc8, 0x0f6a0000)
  to   space 17472K,   0% used [0x0d480000, 0x0d480000, 0x0e590000)
 tenured generation   total 349568K, used 349568K [0x0f6a0000, 0x24c00000, 0x24c00000)
   the space 349568K, 100% used [0x0f6a0000, 0x24c00000, 0x24c00000, 0x24c00000)
 Metaspace       used 22349K, capacity 22904K, committed 23040K, reserved 23936K
Event: 9927.218 GC heap after
Heap after GC invocations=79 (full 37):
 def new generation   total 157248K, used 157214K [0x04c00000, 0x0f6a0000, 0x0f6a0000)
  eden space 139776K,  99% used [0x04c00000, 0x0d47fff8, 0x0d480000)
  from space 17472K,  99% used [0x0e590000, 0x0f697900, 0x0f6a0000)
  to   space 17472K,   0% used [0x0d480000, 0x0d480000, 0x0e590000)
 tenured generation   total 349568K, used 349568K [0x0f6a0000, 0x24c00000, 0x24c00000)
   the space 349568K, 100% used [0x0f6a0000, 0x24c00000, 0x24c00000, 0x24c00000)
 Metaspace       used 22349K, capacity 22904K, committed 23040K, reserved 23936K
}
Event: 9927.218 GC heap before
{Heap before GC invocations=79 (full 37):
 def new generation   total 157248K, used 157247K [0x04c00000, 0x0f6a0000, 0x0f6a0000)
  eden space 139776K,  99% used [0x04c00000, 0x0d47fff8, 0x0d480000)
  from space 17472K, 100% used [0x0e590000, 0x0f6a0000, 0x0f6a0000)
  to   space 17472K,   0% used [0x0d480000, 0x0d480000, 0x0e590000)
 tenured generation   total 349568K, used 349568K [0x0f6a0000, 0x24c00000, 0x24c00000)
   the space 349568K, 100% used [0x0f6a0000, 0x24c00000, 0x24c00000, 0x24c00000)
 Metaspace       used 22349K, capacity 22904K, committed 23040K, reserved 23936K
Event: 9927.655 GC heap after
Heap after GC invocations=80 (full 38):
 def new generation   total 157248K, used 157218K [0x04c00000, 0x0f6a0000, 0x0f6a0000)
  eden space 139776K,  99% used [0x04c00000, 0x0d47fff8, 0x0d480000)
  from space 17472K,  99% used [0x0e590000, 0x0f698988, 0x0f6a0000)
  to   space 17472K,   0% used [0x0d480000, 0x0d480000, 0x0e590000)
 tenured generation   total 349568K, used 349568K [0x0f6a0000, 0x24c00000, 0x24c00000)
   the space 349568K, 100% used [0x0f6a0000, 0x24c00000, 0x24c00000, 0x24c00000)
 Metaspace       used 22349K, capacity 22904K, committed 23040K, reserved 23936K
}
Event: 9927.656 GC heap before
{Heap before GC invocations=80 (full 38):
 def new generation   total 157248K, used 157230K [0x04c00000, 0x0f6a0000, 0x0f6a0000)
  eden space 139776K,  99% used [0x04c00000, 0x0d47fff8, 0x0d480000)
  from space 17472K,  99% used [0x0e590000, 0x0f69bbd8, 0x0f6a0000)
  to   space 17472K,   0% used [0x0d480000, 0x0d480000, 0x0e590000)
 tenured generation   total 349568K, used 349568K [0x0f6a0000, 0x24c00000, 0x24c00000)
   the space 349568K, 100% used [0x0f6a0000, 0x24c00000, 0x24c00000, 0x24c00000)
 Metaspace       used 22349K, capacity 22904K, committed 23040K, reserved 23936K
Event: 9928.085 GC heap after
Heap after GC invocations=81 (full 39):
 def new generation   total 157248K, used 157195K [0x04c00000, 0x0f6a0000, 0x0f6a0000)
  eden space 139776K,  99% used [0x04c00000, 0x0d47fff8, 0x0d480000)
  from space 17472K,  99% used [0x0e590000, 0x0f692f78, 0x0f6a0000)
  to   space 17472K,   0% used [0x0d480000, 0x0d480000, 0x0e590000)
 tenured generation   total 349568K, used 349568K [0x0f6a0000, 0x24c00000, 0x24c00000)
   the space 349568K, 100% used [0x0f6a0000, 0x24c00000, 0x24c00000, 0x24c00000)
 Metaspace       used 22349K, capacity 22904K, committed 23040K, reserved 23936K
}
Event: 9928.085 GC heap before
{Heap before GC invocations=81 (full 39):
 def new generation   total 157248K, used 157195K [0x04c00000, 0x0f6a0000, 0x0f6a0000)
  eden space 139776K,  99% used [0x04c00000, 0x0d47fff8, 0x0d480000)
  from space 17472K,  99% used [0x0e590000, 0x0f692f78, 0x0f6a0000)
  to   space 17472K,   0% used [0x0d480000, 0x0d480000, 0x0e590000)
 tenured generation   total 349568K, used 349568K [0x0f6a0000, 0x24c00000, 0x24c00000)
   the space 349568K, 100% used [0x0f6a0000, 0x24c00000, 0x24c00000, 0x24c00000)
 Metaspace       used 22349K, capacity 22904K, committed 23040K, reserved 23936K
Event: 9928.516 GC heap after
Heap after GC invocations=82 (full 40):
 def new generation   total 157248K, used 157195K [0x04c00000, 0x0f6a0000, 0x0f6a0000)
  eden space 139776K,  99% used [0x04c00000, 0x0d47fff8, 0x0d480000)
  from space 17472K,  99% used [0x0e590000, 0x0f692f78, 0x0f6a0000)
  to   space 17472K,   0% used [0x0d480000, 0x0d480000, 0x0e590000)
 tenured generation   total 349568K, used 349568K [0x0f6a0000, 0x24c00000, 0x24c00000)
   the space 349568K, 100% used [0x0f6a0000, 0x24c00000, 0x24c00000, 0x24c00000)
 Metaspace       used 22349K, capacity 22904K, committed 23040K, reserved 23936K
}

Deoptimization events (0 events):
No events

Classes redefined (0 events):
No events

Internal exceptions (10 events):
Event: 9885.408 Thread 0x29c75000 Exception <a 'sun/nio/fs/WindowsException'> (0x0a8b8b80) thrown at [C:\workspace\8-2-build-windows-i586-cygwin\jdk8u191\11896\hotspot\src\share\vm\prims\jni.cpp, line 709]
Event: 9885.408 Thread 0x26566800 Exception <a 'sun/nio/fs/WindowsException'> (0x0a7e6d58) thrown at [C:\workspace\8-2-build-windows-i586-cygwin\jdk8u191\11896\hotspot\src\share\vm\prims\jni.cpp, line 709]
Event: 9885.408 Thread 0x26566800 Exception <a 'sun/nio/fs/WindowsException'> (0x0a7e7670) thrown at [C:\workspace\8-2-build-windows-i586-cygwin\jdk8u191\11896\hotspot\src\share\vm\prims\jni.cpp, line 709]
Event: 9885.409 Thread 0x26566800 Exception <a 'sun/nio/fs/WindowsException'> (0x0a7f2fd8) thrown at [C:\workspace\8-2-build-windows-i586-cygwin\jdk8u191\11896\hotspot\src\share\vm\prims\jni.cpp, line 709]
Event: 9885.409 Thread 0x26566800 Exception <a 'sun/nio/fs/WindowsException'> (0x0a7f37b0) thrown at [C:\workspace\8-2-build-windows-i586-cygwin\jdk8u191\11896\hotspot\src\share\vm\prims\jni.cpp, line 709]
Event: 9885.410 Thread 0x29c75000 Exception <a 'sun/nio/fs/WindowsException'> (0x0a8cc508) thrown at [C:\workspace\8-2-build-windows-i586-cygwin\jdk8u191\11896\hotspot\src\share\vm\prims\jni.cpp, line 709]
Event: 9885.410 Thread 0x29c75000 Exception <a 'sun/nio/fs/WindowsException'> (0x0a8ccae8) thrown at [C:\workspace\8-2-build-windows-i586-cygwin\jdk8u191\11896\hotspot\src\share\vm\prims\jni.cpp, line 709]
Event: 9885.411 Thread 0x26566800 Exception <a 'sun/nio/fs/WindowsException'> (0x0a8076c0) thrown at [C:\workspace\8-2-build-windows-i586-cygwin\jdk8u191\11896\hotspot\src\share\vm\prims\jni.cpp, line 709]
Event: 9885.411 Thread 0x26566800 Exception <a 'sun/nio/fs/WindowsException'> (0x0a807e80) thrown at [C:\workspace\8-2-build-windows-i586-cygwin\jdk8u191\11896\hotspot\src\share\vm\prims\jni.cpp, line 709]
Event: 9928.516 Thread 0x29c77000 Exception <a 'java/lang/OutOfMemoryError'> (0x0f7481b8) thrown at [C:\workspace\8-2-build-windows-i586-cygwin\jdk8u191\11896\hotspot\src\share\vm\gc_interface/collectedHeap.inline.hpp, line 159]

Events (10 events):
Event: 9926.333 Executing VM operation: GenCollectForAllocation done
Event: 9926.334 Executing VM operation: GenCollectForAllocation
Event: 9926.772 Executing VM operation: GenCollectForAllocation done
Event: 9926.773 Executing VM operation: GenCollectForAllocation
Event: 9927.218 Executing VM operation: GenCollectForAllocation done
Event: 9927.218 Executing VM operation: GenCollectForAllocation
Event: 9927.655 Executing VM operation: GenCollectForAllocation done
Event: 9927.656 Executing VM operation: GenCollectForAllocation
Event: 9928.516 Executing VM operation: GenCollectForAllocation done
Event: 9928.517 Executing VM operation: GenCollectForAllocation


Dynamic libraries:
0x00480000 - 0x004b3000 	C:\Program Files (x86)\Arduino\java\bin\javaw.exe
0x77350000 - 0x774f3000 	C:\WINDOWS\SYSTEM32\ntdll.dll
0x76470000 - 0x76560000 	C:\WINDOWS\System32\KERNEL32.DLL
0x76250000 - 0x76464000 	C:\WINDOWS\System32\KERNELBASE.dll
0x77130000 - 0x771ab000 	C:\WINDOWS\System32\ADVAPI32.dll
0x75c50000 - 0x75d0f000 	C:\WINDOWS\System32\msvcrt.dll
0x75bd0000 - 0x75c46000 	C:\WINDOWS\System32\sechost.dll
0x771f0000 - 0x772ae000 	C:\WINDOWS\System32\RPCRT4.dll
0x765e0000 - 0x7677c000 	C:\WINDOWS\System32\USER32.dll
0x77110000 - 0x77128000 	C:\WINDOWS\System32\win32u.dll
0x770e0000 - 0x77104000 	C:\WINDOWS\System32\GDI32.dll
0x76170000 - 0x7624c000 	C:\WINDOWS\System32\gdi32full.dll
0x76560000 - 0x765db000 	C:\WINDOWS\System32\msvcp_win.dll
0x75710000 - 0x75830000 	C:\WINDOWS\System32\ucrtbase.dll
0x74bc0000 - 0x74dd0000 	C:\WINDOWS\WinSxS\x86_microsoft.windows.common-controls_6595b64144ccf1df_6.0.19041.1110_none_a8625c1886757984\COMCTL32.dll
0x76fa0000 - 0x76fc5000 	C:\WINDOWS\System32\IMM32.DLL
0x6cd80000 - 0x6ce3f000 	C:\Program Files (x86)\Arduino\java\bin\msvcr100.dll
0x5d620000 - 0x5d9f3000 	C:\Program Files (x86)\Arduino\java\bin\client\jvm.dll
0x767e0000 - 0x767e6000 	C:\WINDOWS\System32\PSAPI.DLL
0x745e0000 - 0x745e8000 	C:\WINDOWS\SYSTEM32\VERSION.dll
0x72fb0000 - 0x72fb8000 	C:\WINDOWS\SYSTEM32\WSOCK32.dll
0x74a20000 - 0x74a48000 	C:\WINDOWS\SYSTEM32\WINMM.dll
0x75880000 - 0x758e3000 	C:\WINDOWS\System32\WS2_32.dll
0x6f580000 - 0x6f5b0000 	C:\Program Files (x86)\Arduino\java\bin\splashscreen.dll
0x73570000 - 0x735e4000 	C:\WINDOWS\system32\uxtheme.dll
0x753a0000 - 0x75620000 	C:\WINDOWS\System32\combase.dll
0x6f7f0000 - 0x6f7fc000 	C:\Program Files (x86)\Arduino\java\bin\verify.dll
0x6f1b0000 - 0x6f1d2000 	C:\Program Files (x86)\Arduino\java\bin\java.dll
0x759e0000 - 0x75ab4000 	C:\WINDOWS\System32\MSCTF.dll
0x76850000 - 0x768e6000 	C:\WINDOWS\System32\OLEAUT32.dll
0x6f560000 - 0x6f574000 	C:\Program Files (x86)\Arduino\java\bin\zip.dll
0x74610000 - 0x7461f000 	C:\WINDOWS\SYSTEM32\kernel.appcore.dll
0x77080000 - 0x770df000 	C:\WINDOWS\System32\bcryptPrimitives.dll
0x6db30000 - 0x6dbe9000 	C:\WINDOWS\SYSTEM32\textinputframework.dll
0x6da90000 - 0x6db2b000 	C:\WINDOWS\System32\CoreMessaging.dll
0x6d810000 - 0x6da8e000 	C:\WINDOWS\System32\CoreUIComponents.dll
0x76eb0000 - 0x76f37000 	C:\WINDOWS\System32\SHCORE.dll
0x6eb50000 - 0x6ec2b000 	C:\WINDOWS\SYSTEM32\wintypes.dll
0x74680000 - 0x746a9000 	C:\WINDOWS\SYSTEM32\ntmarta.dll
0x758f0000 - 0x759d3000 	C:\WINDOWS\System32\ole32.dll
0x75690000 - 0x7570e000 	C:\WINDOWS\System32\clbcatq.dll
0x6f0d0000 - 0x6f192000 	C:\WINDOWS\SYSTEM32\PROPSYS.dll
0x768f0000 - 0x76ea5000 	C:\WINDOWS\System32\SHELL32.dll
0x73fc0000 - 0x745cc000 	C:\WINDOWS\SYSTEM32\windows.storage.dll
0x73540000 - 0x73564000 	C:\WINDOWS\SYSTEM32\Wldp.dll
0x75640000 - 0x75685000 	C:\WINDOWS\System32\shlwapi.dll
0x71950000 - 0x71968000 	C:\WINDOWS\SYSTEM32\profapi.dll
0x6f1e0000 - 0x6f212000 	C:\Windows\System32\IME\IMEKR\imkrapi.dll
0x6cf90000 - 0x6d012000 	C:\WINDOWS\SYSTEM32\policymanager.dll
0x6cf20000 - 0x6cf85000 	C:\WINDOWS\SYSTEM32\msvcp110_win.dll
0x6c8c0000 - 0x6c8f4000 	C:\Windows\System32\IME\shared\imjkapi.dll
0x61940000 - 0x619b3000 	C:\Program Files (x86)\Arduino\lib\listSerialsj.dll
0x75d10000 - 0x7614a000 	C:\WINDOWS\System32\SETUPAPI.dll
0x771b0000 - 0x771eb000 	C:\WINDOWS\System32\cfgmgr32.dll
0x75620000 - 0x75639000 	C:\WINDOWS\System32\bcrypt.dll
0x6dfe0000 - 0x6dffd000 	C:\Program Files (x86)\Arduino\lib\jnidispatch-4.2.2-win32-x86.dll
0x6cd60000 - 0x6cd75000 	C:\Program Files (x86)\Arduino\java\bin\net.dll
0x74620000 - 0x74672000 	C:\WINDOWS\system32\mswsock.dll
0x6e1e0000 - 0x6e1ef000 	C:\Program Files (x86)\Arduino\java\bin\nio.dll
0x6cc10000 - 0x6cd57000 	C:\Program Files (x86)\Arduino\java\bin\awt.dll
0x74dd0000 - 0x74e6f000 	C:\WINDOWS\SYSTEM32\apphelp.dll
0x73440000 - 0x73466000 	C:\WINDOWS\system32\DWMAPI.DLL
0x6cbd0000 - 0x6cc09000 	C:\Program Files (x86)\Arduino\java\bin\fontmanager.dll
0x66f50000 - 0x67054000 	C:\WINDOWS\system32\opengl32.dll
0x6a780000 - 0x6a7bf000 	C:\WINDOWS\SYSTEM32\GLU32.dll
0x6cb90000 - 0x6cbc2000 	C:\Program Files (x86)\Arduino\java\bin\t2k.dll
0x6b630000 - 0x6b659000 	C:\WINDOWS\SYSTEM32\DEVOBJ.dll
0x75830000 - 0x7587d000 	C:\WINDOWS\System32\WINTRUST.dll
0x75ac0000 - 0x75bba000 	C:\WINDOWS\System32\CRYPT32.dll
0x72fc0000 - 0x72fce000 	C:\WINDOWS\SYSTEM32\MSASN1.dll
0x75100000 - 0x75132000 	C:\WINDOWS\SYSTEM32\IPHLPAPI.DLL
0x75bc0000 - 0x75bc7000 	C:\WINDOWS\System32\NSI.dll
0x737c0000 - 0x737d4000 	C:\WINDOWS\SYSTEM32\dhcpcsvc6.DLL
0x737e0000 - 0x737f6000 	C:\WINDOWS\SYSTEM32\dhcpcsvc.DLL
0x735f0000 - 0x73680000 	C:\WINDOWS\SYSTEM32\DNSAPI.dll
0x6e300000 - 0x6e311000 	C:\WINDOWS\system32\napinsp.dll
0x6e2e0000 - 0x6e2f6000 	C:\WINDOWS\system32\pnrpnsp.dll
0x6e2d0000 - 0x6e2e0000 	C:\WINDOWS\system32\wshbth.dll
0x6e2b0000 - 0x6e2c6000 	C:\WINDOWS\system32\NLAapi.dll
0x6e2a0000 - 0x6e2ae000 	C:\WINDOWS\System32\winrnr.dll
0x6fb40000 - 0x6fb98000 	C:\WINDOWS\System32\fwpuclnt.dll
0x6fba0000 - 0x6fba8000 	C:\Windows\System32\rasadhlp.dll
0x6cb20000 - 0x6cb89000 	C:\Program Files (x86)\Arduino\msvcp100.dll
0x6ca60000 - 0x6cb1e000 	C:\Program Files (x86)\Arduino\msvcr100.dll
0x28a80000 - 0x28ab2000 	C:\Program Files (x86)\Arduino\lib\AStylej.dll
0x6c890000 - 0x6c8b4000 	C:\Program Files (x86)\Arduino\java\bin\dcpr.dll
0x66880000 - 0x669f1000 	C:\WINDOWS\SYSTEM32\WindowsCodecs.dll
0x67c90000 - 0x67cc1000 	C:\WINDOWS\system32\dataexchange.dll
0x66bd0000 - 0x66db0000 	C:\WINDOWS\system32\d3d11.dll
0x66490000 - 0x665f4000 	C:\WINDOWS\system32\dcomp.dll
0x6a170000 - 0x6a232000 	C:\WINDOWS\system32\dxgi.dll
0x69fe0000 - 0x6a16f000 	C:\WINDOWS\system32\twinapi.appcore.dll
0x6c870000 - 0x6c890000 	C:\Program Files (x86)\Arduino\java\bin\sunec.dll
0x6f4a0000 - 0x6f559000 	C:\Windows\System32\IME\IMEKR\imkrtip.dll
0x6f390000 - 0x6f49a000 	C:\Windows\System32\IME\shared\imetip.dll
0x74fe0000 - 0x75033000 	C:\WINDOWS\SYSTEM32\OLEACC.dll
0x6c900000 - 0x6ca5f000 	C:\WINDOWS\SYSTEM32\DUI70.dll
0x70dd0000 - 0x70de3000 	C:\WINDOWS\SYSTEM32\CRYPTSP.dll
0x70da0000 - 0x70dcf000 	C:\WINDOWS\system32\rsaenh.dll
0x74e80000 - 0x74ea5000 	C:\WINDOWS\SYSTEM32\USERENV.dll
0x74780000 - 0x7478a000 	C:\WINDOWS\SYSTEM32\CRYPTBASE.dll
0x6dd80000 - 0x6dd89000 	C:\Program Files (x86)\Arduino\java\bin\sunmscapi.dll
0x64000000 - 0x6401b000 	C:\Program Files (x86)\Arduino\lib\jSSC-2.8_x86.dll
0x6f0b0000 - 0x6f0cb000 	C:\WINDOWS\SYSTEM32\edputil.dll
0x6f980000 - 0x6f9d4000 	C:\WINDOWS\system32\Ninput.dll
0x6dbf0000 - 0x6dd78000 	C:\WINDOWS\SYSTEM32\dbghelp.dll

VM Arguments:
jvm_args: -Dsun.java2d.d3d=false -Djna.nosys=true -Djna.nounpack=true -Djna.boot.library.name=jnidispatch-4.2.2-win32-x86 -Djna.boot.library.path=C:\Program Files (x86)\Arduino/lib -Djssc.library.path=C:\Program Files (x86)\Arduino/lib -DAPP_DIR=C:\Program Files (x86)\Arduino -Xms128M -Xmx512M -Dfile.encoding=UTF8 -Djava.net.preferIPv4Stack=true 
java_command: processing.app.Base C:\Users\bxk21\Documents\Arduino\wave_detector\wave_detector.ino
java_class_path (initial): C:\Program Files (x86)\Arduino\lib\apple.jar;C:\Program Files (x86)\Arduino\lib\arduino-core.jar;C:\Program Files (x86)\Arduino\lib\batik-1.8.jar;C:\Program Files (x86)\Arduino\lib\batik-anim-1.8.jar;C:\Program Files (x86)\Arduino\lib\batik-awt-util-1.8.jar;C:\Program Files (x86)\Arduino\lib\batik-bridge-1.8.jar;C:\Program Files (x86)\Arduino\lib\batik-codec-1.8.jar;C:\Program Files (x86)\Arduino\lib\batik-css-1.8.jar;C:\Program Files (x86)\Arduino\lib\batik-dom-1.8.jar;C:\Program Files (x86)\Arduino\lib\batik-ext-1.8.jar;C:\Program Files (x86)\Arduino\lib\batik-gvt-1.8.jar;C:\Program Files (x86)\Arduino\lib\batik-parser-1.8.jar;C:\Program Files (x86)\Arduino\lib\batik-rasterizer-1.8.jar;C:\Program Files (x86)\Arduino\lib\batik-script-1.8.jar;C:\Program Files (x86)\Arduino\lib\batik-squiggle-1.8.jar;C:\Program Files (x86)\Arduino\lib\batik-svg-dom-1.8.jar;C:\Program Files (x86)\Arduino\lib\batik-svgpp-1.8.jar;C:\Program Files (x86)\Arduino\lib\batik-transcoder-1.8.jar;C:\Program Files (x86)\Arduino\lib\batik-util-1.8.jar;C:\Program Files (x86)\Arduino\lib\batik-xml-1.8.jar;C:\Program Files (x86)\Arduino\lib\bcpg-jdk15on-152.jar;C:\Program Files (x86)\Arduino\lib\bcprov-jdk15on-152.jar;C:\Program Files (x86)\Arduino\lib\commons-codec-1.7.jar;C:\Program Files (x86)\Arduino\lib\commons-compress-1.8.jar;C:\Program Files (x86)\Arduino\lib\commons-exec-1.1.jar;C:\Program Files (x86)\Arduino\lib\commons-httpclient-3.1.jar;C:\Program Files (x86)\Arduino\lib\commons-lang3-3.8.1.jar;C:\Program Files (x86)\Arduino\lib\commons-logging-1.0.4.jar;C:\Program Files (x86)\Arduino\lib\commons-net-3.3.jar;C:\Program Files (x86)\Arduino\lib\commons-io-2.6.jar;C:\Program Files (x86)\Arduino\lib\jackson-annotations-2.9.5.jar;C:\Program Files (x86)\Arduino\lib\jackson-core-2.9.5.jar;C:\Program Files (x86)\Arduino\lib\jackson-databind-2.9.5.jar;C:\Program Files (x86)\Arduino\lib\java-semver-0.8.0.jar;C:\Program Files (x86)\Arduino\lib\jmdns-3.5.5.jar;C:\Program
Launcher Type: SUN_STANDARD

Environment Variables:
PATH=C:\Windows\system32;C:\Windows;C:\Windows\System32\Wbem;C:\Windows\System32\WindowsPowerShell\v1.0\;C:\Windows\System32\OpenSSH\;C:\Program Files (x86)\NVIDIA Corporation\PhysX\Common;C:\Program Files\NVIDIA Corporation\NVIDIA NvDLISR;C:\WINDOWS\system32;C:\WINDOWS;C:\WINDOWS\System32\Wbem;C:\WINDOWS\System32\WindowsPowerShell\v1.0\;C:\WINDOWS\System32\OpenSSH\;C:\Program Files (x86)\Calibre2\;C:\Program Files\Git\cmd;C:\Users\bxk21\AppData\Local\Microsoft\WindowsApps;;C:\intelFPGA_lite\20.1\modelsim_ase\win32aloem;C:\Program Files (x86)\Arduino\java\bin
USERNAME=bxk21
OS=Windows_NT
PROCESSOR_IDENTIFIER=Intel64 Family 6 Model 165 Stepping 2, GenuineIntel



---------------  S Y S T E M  ---------------

OS: Windows 10.0 , 64 bit Build 19041 (10.0.19041.1566)

CPU:total 12 (initial active 12) (6 cores per cpu, 2 threads per core) family 6 model 165 stepping 2, cmov, cx8, fxsr, mmx, sse, sse2, sse3, ssse3, sse4.1, sse4.2, popcnt, avx, avx2, aes, clmul, erms, 3dnowpref, lzcnt, ht, tsc, tscinvbit, bmi1, bmi2, adx

Memory: 4k page, physical 16593896k(7997752k free), swap 42863660k(5216660k free)

vm_info: Java HotSpot(TM) Client VM (25.191-b12) for windows-x86 JRE (1.8.0_191-b12), built on Oct  6 2018 08:34:23 by "java_re" with MS VC++ 10.0 (VS2010)

time: Thu Apr 07 19:52:50 2022
elapsed time: 9928 seconds (0d 2h 45m 28s)

